  TakeAwaySys.cpp
E:\GitHub\TakeAwaySys\TakeAwaySys\TakeAwaySys\TakeAwaySys\AJTools.h(34,1): warning C4267: 'argument': conversion from 'size_t' to '_Ty', possible loss of data
          with
          [
              _Ty=int
          ]
E:\GitHub\TakeAwaySys\TakeAwaySys\TakeAwaySys\TakeAwaySys\AJTools.h(54,1): warning C4267: '=': conversion from 'size_t' to '_Ty', possible loss of data
          with
          [
              _Ty=int
          ]
E:\GitHub\TakeAwaySys\TakeAwaySys\TakeAwaySys\TakeAwaySys\AJTools.h(65,1): warning C4267: '=': conversion from 'size_t' to '_Ty', possible loss of data
          with
          [
              _Ty=int
          ]
E:\GitHub\TakeAwaySys\TakeAwaySys\TakeAwaySys\TakeAwaySys\AJTools.h(89,1): warning C4267: 'initializing': conversion from 'size_t' to 'int', possible loss of data
E:\GitHub\TakeAwaySys\TakeAwaySys\TakeAwaySys\TakeAwaySys\AJTools.h(309,1): warning C4267: '=': conversion from 'size_t' to 'int', possible loss of data
E:\GitHub\TakeAwaySys\TakeAwaySys\TakeAwaySys\TakeAwaySys\TakeAwaySys.cpp(495,29): warning C4101: 'Counter': unreferenced local variable
E:\GitHub\TakeAwaySys\TakeAwaySys\TakeAwaySys\TakeAwaySys\TakeAwaySys.cpp(609,55): warning C4244: 'argument': conversion from 'double' to 'const unsigned __int64', possible loss of data
E:\GitHub\TakeAwaySys\TakeAwaySys\TakeAwaySys\TakeAwaySys\TakeAwaySys.cpp(701,1): warning C4267: '=': conversion from 'size_t' to 'int', possible loss of data
E:\GitHub\TakeAwaySys\TakeAwaySys\TakeAwaySys\TakeAwaySys\TakeAwaySys.cpp(756,1): warning C4267: '=': conversion from 'size_t' to 'int', possible loss of data
E:\GitHub\TakeAwaySys\TakeAwaySys\TakeAwaySys\TakeAwaySys\TakeAwaySys.cpp(812,1): warning C4267: '=': conversion from 'size_t' to 'int', possible loss of data
E:\GitHub\TakeAwaySys\TakeAwaySys\TakeAwaySys\TakeAwaySys\TakeAwaySys.cpp(882,1): warning C4267: '=': conversion from 'size_t' to 'int', possible loss of data
E:\GitHub\TakeAwaySys\TakeAwaySys\TakeAwaySys\TakeAwaySys\TakeAwaySys.cpp(929,7): warning C4101: 'CuisineChoice': unreferenced local variable
E:\GitHub\TakeAwaySys\TakeAwaySys\TakeAwaySys\TakeAwaySys\TakeAwaySys.cpp(1258,5): error C2561: 'RestraurantSys::MakeOrder': function must return a value
E:\GitHub\TakeAwaySys\TakeAwaySys\TakeAwaySys\TakeAwaySys\TakeAwaySys.cpp(1233): message : see declaration of 'RestraurantSys::MakeOrder'
E:\GitHub\TakeAwaySys\TakeAwaySys\TakeAwaySys\TakeAwaySys\TakeAwaySys.cpp(1273,1): warning C4267: 'argument': conversion from 'size_t' to 'int', possible loss of data
E:\GitHub\TakeAwaySys\TakeAwaySys\TakeAwaySys\TakeAwaySys\TakeAwaySys.cpp(1620,1): warning C4267: 'argument': conversion from 'size_t' to 'int', possible loss of data
